codigosfontes/PDM12AutoresBancoDadosComCamadas/app/build/outputs/logs/manifest-merger-debug-report.txt
-- Merging decision tree log ---
manifest
ADDED from AndroidManifest.xml:2:1
	package
		ADDED from AndroidManifest.xml:3:2
		INJECTED from AndroidManifest.xml:0:0
		INJECTED from AndroidManifest.xml:0:0
	android:versionName
		ADDED from AndroidManifest.xml:4:2
	android:versionCode
		ADDED from AndroidManifest.xml:3:32
		INJECTED from AndroidManifest.xml:0:0
		INJECTED from AndroidManifest.xml:0:0
	xmlns:android
		ADDED from AndroidManifest.xml:2:11
application
ADDED from AndroidManifest.xml:5:2
	android:icon
		ADDED from AndroidManifest.xml:5:15
	android:theme
		ADDED from AndroidManifest.xml:5:45
activity#br.aulashelder.view.MainActivity
ADDED from AndroidManifest.xml:6:3
	android:label
		ADDED from AndroidManifest.xml:6:42
	android:name
		ADDED from AndroidManifest.xml:6:13
intent-filter#android.intent.action.MAIN+android.intent.category.LAUNCHER
ADDED from AndroidManifest.xml:7:4
action#android.intent.action.MAIN
ADDED from AndroidManifest.xml:8:5
	android:name
		ADDED from AndroidManifest.xml:8:13
category#android.intent.category.LAUNCHER
ADDED from AndroidManifest.xml:9:5
	android:name
		ADDED from AndroidManifest.xml:9:15
activity#br.aulashelder.view.CadastrarEditarAutor
ADDED from AndroidManifest.xml:12:3
	android:label
		ADDED from AndroidManifest.xml:12:50
	android:name
		ADDED from AndroidManifest.xml:12:13
activity#br.aulashelder.view.BuscarAutor
ADDED from AndroidManifest.xml:13:3
	android:label
		ADDED from AndroidManifest.xml:13:60
	android:name
		ADDED from AndroidManifest.xml:13:13
uses-sdk
ADDED from AndroidManifest.xml:15:2
	android:targetSdkVersion
		INJECTED from AndroidManifest.xml:0:0
		INJECTED from AndroidManifest.xml:0:0
	android:minSdkVersion
		ADDED from AndroidManifest.xml:15:12
		INJECTED from AndroidManifest.xml:0:0
		INJECTED from AndroidManifest.xml:0:0